<?xml version="1.0" encoding="UTF-8"?>
<testng-results ignored="0" total="1" passed="1" failed="0" skipped="0">
  <reporter-output>
  </reporter-output>
  <suite started-at="2022-12-13T13:20:26 IST" name="Default suite" finished-at="2022-12-13T13:20:35 IST" duration-ms="8981">
    <groups>
    </groups>
    <test started-at="2022-12-13T13:20:26 IST" name="Default test" finished-at="2022-12-13T13:20:35 IST" duration-ms="8981">
      <class name="testcase.Login_DWS">
        <test-method signature="login()[pri:0, instance:testcase.Login_DWS@2ea227af]" started-at="2022-12-13T13:20:26 IST" name="login" finished-at="2022-12-13T13:20:35 IST" duration-ms="8895" status="PASS">
          <reporter-output>
          </reporter-output>
        </test-method> <!-- login -->
      </class> <!-- testcase.Login_DWS -->
    </test> <!-- Default test -->
  </suite> <!-- Default suite -->
</testng-results>
